<?xml version="1.0" encoding="UTF-8"?>
<!-- Generated by org.testng.reporters.JUnitXMLReporter -->
<testsuite ignored="0" hostname="lanhs-MacBook-Pro.local" failures="0" tests="3" name="Run on Chrome UI" time="6.242" errors="0" timestamp="2024-10-24T16:03:40 ICT">
  <testcase classname="com.nopcommerce.users.Level_31_Environment_03_Java_Properties" name="User_01_Register_Validate" time="0.02"/>
  <testcase classname="com.nopcommerce.users.Level_31_Environment_03_Java_Properties" name="User_02_Register_Success" time="0.001"/>
  <testcase classname="com.nopcommerce.users.Level_31_Environment_03_Java_Properties" name="User_03_Login" time="0.003"/>
</testsuite> <!-- Run on Chrome UI -->
