<?xml version="1.0" encoding="UTF-8"?>
<!-- Generated by org.testng.reporters.JUnitXMLReporter -->
<testsuite ignored="0" hostname="lanhs-MacBook-Pro.local" failures="0" tests="3" name="Run on Chrome UI" time="7.139" errors="0" timestamp="2024-10-25T15:30:52 ICT">
  <testcase classname="com.nopcommerce.users.Level_31_Environment_02_Multiple_XML" name="User_01_Register_Validate" time="0.026"/>
  <testcase classname="com.nopcommerce.users.Level_31_Environment_02_Multiple_XML" name="User_02_Register_Success" time="0.004"/>
  <testcase classname="com.nopcommerce.users.Level_31_Environment_02_Multiple_XML" name="User_03_Login" time="0.005"/>
</testsuite> <!-- Run on Chrome UI -->
