<?xml version="1.0" encoding="UTF-8"?>
<testsuite xmlns:xsi="http://www.w3.org/2001/XMLSchema-instance" xsi:noNamespaceSchemaLocation="https://maven.apache.org/surefire/maven-surefire-plugin/xsd/surefire-test-report-3.0.xsd" version="3.0" name="TestSuite" time="8.005" tests="3" errors="0" skipped="0" failures="0">
  <properties>
[...]
</properties>
  <testcase name="User_01_Register_Validate[public void com.nopcommerce.users.Level_31_Environment_02_Multiple_XML.User_01_Register_Validate(java.lang.reflect.Method)](1)" classname="com.nopcommerce.users.Level_31_Environment_02_Multiple_XML" time="0.079">
    <system-err><![CDATA[SLF4J: Failed to load class "org.slf4j.impl.StaticLoggerBinder".
SLF4J: Defaulting to no-operation (NOP) logger implementation
SLF4J: See http://www.slf4j.org/codes.html#StaticLoggerBinder for further details.
Oct 25, 2024 3:30:47 PM org.openqa.selenium.devtools.CdpVersionFinder findNearestMatch
WARNING: Unable to find CDP implementation matching 130
Oct 25, 2024 3:30:47 PM org.openqa.selenium.chromium.ChromiumDriver lambda$new$5
WARNING: Unable to find version of CDP to use for 130.0.6723.59. You may need to include a dependency on a specific version of the CDP using something similar to `org.seleniumhq.selenium:selenium-devtools-v86:4.16.1` where the version ("v86") matches the version of the chromium-based browser you're using and the version number of the artifact is the same as Selenium's.
]]></system-err>
  </testcase>
  <testcase name="User_02_Register_Success[public void com.nopcommerce.users.Level_31_Environment_02_Multiple_XML.User_02_Register_Success(java.lang.reflect.Method)](1)" classname="com.nopcommerce.users.Level_31_Environment_02_Multiple_XML" time="0.008"/>
  <testcase name="User_03_Login[public void com.nopcommerce.users.Level_31_Environment_02_Multiple_XML.User_03_Login(java.lang.reflect.Method)](1)" classname="com.nopcommerce.users.Level_31_Environment_02_Multiple_XML" time="0.006"/>
</testsuite>